{
  "stats": {
    "suites": 1,
    "tests": 6,
    "passes": 6,
    "pending": 0,
    "failures": 0,
    "start": "2020-11-17T11:37:08.370Z",
    "end": "2020-11-17T11:37:16.088Z",
    "duration": 7718,
    "testsRegistered": 6,
    "passPercent": 100,
    "pendingPercent": 0,
    "other": 0,
    "hasOther": false,
    "skipped": 0,
    "hasSkipped": false
  },
  "results": [
    {
      "uuid": "4c170b41-4415-4f67-bccf-175c80d859e5",
      "title": "",
      "fullFile": "cypress/integration/backend-auth.spec.js",
      "file": "cypress/integration/backend-auth.spec.js",
      "beforeHooks": [],
      "afterHooks": [],
      "tests": [],
      "suites": [
        {
          "uuid": "b48511ec-962d-4759-860b-57d9961fae90",
          "title": "testing auth",
          "fullFile": "",
          "file": "",
          "beforeHooks": [],
          "afterHooks": [],
          "tests": [
            {
              "title": "Create a new client",
              "fullTitle": "testing auth Create a new client",
              "timedOut": null,
              "duration": 1610,
              "state": "passed",
              "speed": "slow",
              "pass": true,
              "fail": false,
              "pending": false,
              "context": null,
              "code": "clientHelpers.createClientRequest(cy);",
              "err": {},
              "uuid": "b48a29e9-c8a5-47d0-90f0-ded96afbd393",
              "parentUUID": "b48511ec-962d-4759-860b-57d9961fae90",
              "isHook": false,
              "skipped": false
            },
            {
              "title": "Get all clients",
              "fullTitle": "testing auth Get all clients",
              "timedOut": null,
              "duration": 1039,
              "state": "passed",
              "speed": "slow",
              "pass": true,
              "fail": false,
              "pending": false,
              "context": null,
              "code": "clientHelpers.getAllClientsRequest(cy);",
              "err": {},
              "uuid": "637bc7ab-d050-4ec5-8cd7-3ead2bc549ea",
              "parentUUID": "b48511ec-962d-4759-860b-57d9961fae90",
              "isHook": false,
              "skipped": false
            },
            {
              "title": "Create a new room",
              "fullTitle": "testing auth Create a new room",
              "timedOut": null,
              "duration": 1335,
              "state": "passed",
              "speed": "slow",
              "pass": true,
              "fail": false,
              "pending": false,
              "context": null,
              "code": "roomHelpers.createRoomRequest(cy);",
              "err": {},
              "uuid": "0d5c8f21-849d-4343-bcf9-9db6bea4d4d4",
              "parentUUID": "b48511ec-962d-4759-860b-57d9961fae90",
              "isHook": false,
              "skipped": false
            },
            {
              "title": "Get all rooms",
              "fullTitle": "testing auth Get all rooms",
              "timedOut": null,
              "duration": 837,
              "state": "passed",
              "speed": "slow",
              "pass": true,
              "fail": false,
              "pending": false,
              "context": null,
              "code": "roomHelpers.getAllRoomsRequest(cy);",
              "err": {},
              "uuid": "6d76b122-3a8d-403b-a71a-e498d646f7c3",
              "parentUUID": "b48511ec-962d-4759-860b-57d9961fae90",
              "isHook": false,
              "skipped": false
            },
            {
              "title": "Edit a  room",
              "fullTitle": "testing auth Edit a  room",
              "timedOut": null,
              "duration": 1496,
              "state": "passed",
              "speed": "slow",
              "pass": true,
              "fail": false,
              "pending": false,
              "context": null,
              "code": "roomHelpers.editRoomRequest(cy);",
              "err": {},
              "uuid": "16b01e75-367f-4557-a746-54656410a5b1",
              "parentUUID": "b48511ec-962d-4759-860b-57d9961fae90",
              "isHook": false,
              "skipped": false
            },
            {
              "title": "Create a room and delete",
              "fullTitle": "testing auth Create a room and delete",
              "timedOut": null,
              "duration": 1212,
              "state": "passed",
              "speed": "slow",
              "pass": true,
              "fail": false,
              "pending": false,
              "context": null,
              "code": "roomHelpers.createRoomRequestAndDelete(cy);",
              "err": {},
              "uuid": "92bba423-b1c5-41ce-bb8c-16cabaa7a097",
              "parentUUID": "b48511ec-962d-4759-860b-57d9961fae90",
              "isHook": false,
              "skipped": false
            }
          ],
          "suites": [],
          "passes": [
            "b48a29e9-c8a5-47d0-90f0-ded96afbd393",
            "637bc7ab-d050-4ec5-8cd7-3ead2bc549ea",
            "0d5c8f21-849d-4343-bcf9-9db6bea4d4d4",
            "6d76b122-3a8d-403b-a71a-e498d646f7c3",
            "16b01e75-367f-4557-a746-54656410a5b1",
            "92bba423-b1c5-41ce-bb8c-16cabaa7a097"
          ],
          "failures": [],
          "pending": [],
          "skipped": [],
          "duration": 7529,
          "root": false,
          "rootEmpty": false,
          "_timeout": 2000
        }
      ],
      "passes": [],
      "failures": [],
      "pending": [],
      "skipped": [],
      "duration": 0,
      "root": true,
      "rootEmpty": true,
      "_timeout": 2000
    }
  ],
  "meta": {
    "mocha": {
      "version": "7.0.1"
    },
    "mochawesome": {
      "options": {
        "quiet": false,
        "reportFilename": "mochawesome",
        "saveHtml": true,
        "saveJson": true,
        "consoleReporter": "spec",
        "useInlineDiffs": false,
        "code": true
      },
      "version": "6.2.1"
    },
    "marge": {
      "options": null,
      "version": "5.1.0"
    }
  }
}